nohup: 입력 무시
2025-12-04T10:52:12 (asr.sh:285:main) ./asr.sh --lang en --ngpu 1 --nj 16 --gpu_inference true --inference_nj 6 --nbpe 1000 --max_wav_duration 30 --speed_perturb_factors 0.9 1.0 1.1 --audio_format flac.ark --feats_type raw --use_lm false --asr_config conf/train_asr.yaml --inference_config conf/decode_asr.yaml --inference_asr_model valid.cer_ctc.ave_5best.pth --train_set train_clean_100 --valid_set dev --test_sets test_clean test_other --lm_train_text data/train_clean_100/text --bpe_train_text data/train_clean_100/text --stage 10 --stop_stage 13
2025-12-04T10:52:13 (asr.sh:566:main) Skipped stages:  6 7 8 9 14 15 
2025-12-04T10:52:13 (asr.sh:1191:main) Stage 10: ASR collect stats: train_set=dump/raw/train_clean_100_sp, valid_set=dump/raw/dev
2025-12-04T10:52:13 (asr.sh:1242:main) Generate 'exp/asr_stats_raw_en_bpe1000_sp/run.sh'. You can resume the process from stage 10 using this script
2025-12-04T10:52:13 (asr.sh:1246:main) ASR collect-stats started... log: 'exp/asr_stats_raw_en_bpe1000_sp/logdir/stats.*.log'
/home/bossjung/anaconda3/envs/espnet/bin/python3 /home/bossjung/espnet/espnet/espnet2/bin/aggregate_stats_dirs.py --input_dir exp/asr_stats_raw_en_bpe1000_sp/logdir/stats.1 --input_dir exp/asr_stats_raw_en_bpe1000_sp/logdir/stats.2 --input_dir exp/asr_stats_raw_en_bpe1000_sp/logdir/stats.3 --input_dir exp/asr_stats_raw_en_bpe1000_sp/logdir/stats.4 --input_dir exp/asr_stats_raw_en_bpe1000_sp/logdir/stats.5 --input_dir exp/asr_stats_raw_en_bpe1000_sp/logdir/stats.6 --input_dir exp/asr_stats_raw_en_bpe1000_sp/logdir/stats.7 --input_dir exp/asr_stats_raw_en_bpe1000_sp/logdir/stats.8 --input_dir exp/asr_stats_raw_en_bpe1000_sp/logdir/stats.9 --input_dir exp/asr_stats_raw_en_bpe1000_sp/logdir/stats.10 --input_dir exp/asr_stats_raw_en_bpe1000_sp/logdir/stats.11 --input_dir exp/asr_stats_raw_en_bpe1000_sp/logdir/stats.12 --input_dir exp/asr_stats_raw_en_bpe1000_sp/logdir/stats.13 --input_dir exp/asr_stats_raw_en_bpe1000_sp/logdir/stats.14 --input_dir exp/asr_stats_raw_en_bpe1000_sp/logdir/stats.15 --input_dir exp/asr_stats_raw_en_bpe1000_sp/logdir/stats.16 --output_dir exp/asr_stats_raw_en_bpe1000_sp
2025-12-04T10:56:04 (asr.sh:1310:main) Stage 11: ASR Training: train_set=dump/raw/train_clean_100_sp, valid_set=dump/raw/dev
2025-12-04T10:56:04 (asr.sh:1409:main) Generate 'exp/asr_train_asr_raw_en_bpe1000_sp/run.sh'. You can resume the process from stage 11 using this script
2025-12-04T10:56:04 (asr.sh:1413:main) ASR training started... log: 'exp/asr_train_asr_raw_en_bpe1000_sp/train.log'
2025-12-04T10:56:04 (asr.sh:1451:main) Use ESPnet trainer
2025-12-04 10:56:04,260 (launch:94) INFO: /home/bossjung/anaconda3/envs/espnet/bin/python3 /home/bossjung/espnet/espnet/espnet2/bin/launch.py --cmd 'run.pl --name exp/asr_train_asr_raw_en_bpe1000_sp/train.log' --log exp/asr_train_asr_raw_en_bpe1000_sp/train.log --ngpu 1 --num_nodes 1 --init_file_prefix exp/asr_train_asr_raw_en_bpe1000_sp/.dist_init_ --multiprocessing_distributed true -- python3 -m espnet2.bin.asr_train --use_preprocessor true --bpemodel data/en_token_list/bpe_bpe1000/bpe.model --token_type bpe --token_list data/en_token_list/bpe_bpe1000/tokens.txt --non_linguistic_symbols none --cleaner none --g2p none --valid_data_path_and_name_and_type dump/raw/dev/wav.scp,speech,kaldi_ark --valid_shape_file exp/asr_stats_raw_en_bpe1000_sp/valid/speech_shape --resume true --ignore_init_mismatch false --fold_length 80000 --output_dir exp/asr_train_asr_raw_en_bpe1000_sp --config conf/train_asr.yaml --frontend_conf fs=16k --normalize=global_mvn --normalize_conf stats_file=exp/asr_stats_raw_en_bpe1000_sp/train/feats_stats.npz --train_data_path_and_name_and_type dump/raw/train_clean_100_sp/wav.scp,speech,kaldi_ark --train_shape_file exp/asr_stats_raw_en_bpe1000_sp/train/speech_shape --fold_length 150 --train_data_path_and_name_and_type dump/raw/train_clean_100_sp/text,text,text --train_shape_file exp/asr_stats_raw_en_bpe1000_sp/train/text_shape.bpe --valid_data_path_and_name_and_type dump/raw/dev/text,text,text --valid_shape_file exp/asr_stats_raw_en_bpe1000_sp/valid/text_shape.bpe
2025-12-04 10:56:04,276 (launch:348) INFO: log file: exp/asr_train_asr_raw_en_bpe1000_sp/train.log
2025-12-04T13:16:17 (asr.sh:1513:main) Stage 12: Decoding: training_dir=exp/asr_train_asr_raw_en_bpe1000_sp
2025-12-04T13:16:17 (asr.sh:1541:main) Generate 'exp/asr_train_asr_raw_en_bpe1000_sp/decode_asr_asr_model_valid.cer_ctc.ave_5best/run.sh'. You can resume the process from stage 12 using this script
2025-12-04T13:16:17 (asr.sh:1606:main) Decoding started... log: 'exp/asr_train_asr_raw_en_bpe1000_sp/decode_asr_asr_model_valid.cer_ctc.ave_5best/test_clean/logdir/asr_inference.*.log'
run.pl: Error opening log file exp/asr_train_asr_raw_en_bpe1000_sp/decode_asr_asr_model_valid.cer_ctc.ave_5best/test_clean/logdir/asr_inference.6.log (again) at /home/bossjung/espnet/espnet/egs2/librispeech_100/baseline-conmamba/utils/run.pl line 294.
run.pl: 1 / 6 failed, log is in exp/asr_train_asr_raw_en_bpe1000_sp/decode_asr_asr_model_valid.cer_ctc.ave_5best/test_clean/logdir/asr_inference.*.log
grep: exp/asr_train_asr_raw_en_bpe1000_sp/decode_asr_asr_model_valid.cer_ctc.ave_5best/test_clean/logdir/asr_inference.*.log: No such file or directory
cat: -: Bad file descriptor
