nohup: 입력 무시
2025-12-01T12:52:47 (parallel_inference.sh:26:main) Finding experiment directories in exp...
2025-12-01T12:52:47 (parallel_inference.sh:37:main) Found 12 experiment directory(ies)
2025-12-01T12:52:47 (parallel_inference.sh:45:main) Found checkpoint: exp/rank1_asr_train_asr_raw_en_bpe1000_sp/valid.cer_ctc.ave_5best.pth
2025-12-01T12:52:47 (parallel_inference.sh:45:main) Found checkpoint: exp/rank2_asr_train_asr_raw_en_bpe1000_sp/valid.cer_ctc.ave_5best.pth
2025-12-01T12:52:47 (parallel_inference.sh:45:main) Found checkpoint: exp/rank3_asr_train_asr_raw_en_bpe1000_sp/valid.cer_ctc.ave_5best.pth
2025-12-01T12:52:47 (parallel_inference.sh:45:main) Found checkpoint: exp/rank4_asr_train_asr_raw_en_bpe1000_sp/valid.cer_ctc.ave_5best.pth
2025-12-01T12:52:47 (parallel_inference.sh:45:main) Found checkpoint: exp/rank5_asr_train_asr_raw_en_bpe1000_sp/valid.cer_ctc.ave_5best.pth
2025-12-01T12:52:47 (parallel_inference.sh:45:main) Found checkpoint: exp/rank6_asr_train_asr_raw_en_bpe1000_sp/valid.cer_ctc.ave_5best.pth
2025-12-01T12:52:47 (parallel_inference.sh:45:main) Found checkpoint: exp/rank7_asr_train_asr_raw_en_bpe1000_sp/valid.cer_ctc.ave_5best.pth
2025-12-01T12:52:47 (parallel_inference.sh:45:main) Found checkpoint: exp/rank8_asr_train_asr_raw_en_bpe1000_sp/valid.cer_ctc.ave_5best.pth
2025-12-01T12:52:47 (parallel_inference.sh:45:main) Found checkpoint: exp/rank9_asr_train_asr_raw_en_bpe1000_sp/valid.cer_ctc.ave_5best.pth
2025-12-01T12:52:47 (parallel_inference.sh:45:main) Found checkpoint: exp/rank10_asr_train_asr_raw_en_bpe1000_sp/valid.cer_ctc.ave_5best.pth
2025-12-01T12:52:47 (parallel_inference.sh:45:main) Found checkpoint: exp/rank11_asr_train_asr_raw_en_bpe1000_sp/valid.cer_ctc.ave_5best.pth
2025-12-01T12:52:47 (parallel_inference.sh:45:main) Found checkpoint: exp/rank12_asr_train_asr_raw_en_bpe1000_sp/valid.cer_ctc.ave_5best.pth
2025-12-01T12:52:47 (parallel_inference.sh:56:main) Selected 12 checkpoint(s) from 12 experiment directory(ies):
  - rank1_asr_train_asr_raw_en_bpe1000_sp: valid.cer_ctc.ave_5best.pth
  - rank2_asr_train_asr_raw_en_bpe1000_sp: valid.cer_ctc.ave_5best.pth
  - rank3_asr_train_asr_raw_en_bpe1000_sp: valid.cer_ctc.ave_5best.pth
  - rank4_asr_train_asr_raw_en_bpe1000_sp: valid.cer_ctc.ave_5best.pth
  - rank5_asr_train_asr_raw_en_bpe1000_sp: valid.cer_ctc.ave_5best.pth
  - rank6_asr_train_asr_raw_en_bpe1000_sp: valid.cer_ctc.ave_5best.pth
  - rank7_asr_train_asr_raw_en_bpe1000_sp: valid.cer_ctc.ave_5best.pth
  - rank8_asr_train_asr_raw_en_bpe1000_sp: valid.cer_ctc.ave_5best.pth
  - rank9_asr_train_asr_raw_en_bpe1000_sp: valid.cer_ctc.ave_5best.pth
  - rank10_asr_train_asr_raw_en_bpe1000_sp: valid.cer_ctc.ave_5best.pth
  - rank11_asr_train_asr_raw_en_bpe1000_sp: valid.cer_ctc.ave_5best.pth
  - rank12_asr_train_asr_raw_en_bpe1000_sp: valid.cer_ctc.ave_5best.pth
2025-12-01T12:52:47 (parallel_inference.sh:115:main) Starting parallel inference with max 6 concurrent jobs...
xargs: 경고: --max-args 및 --replace/-I/-i 옵션을 함께 사용할 수 없어, 앞의 --max-args 값을 무시합니다
2025-12-01T12:52:47 (environment:4:run_inference) Starting inference for rank1_asr_train_asr_raw_en_bpe1000_sp/valid.cer_ctc.ave_5best.pth...
2025-12-01T12:52:47 (environment:4:run_inference) Starting inference for rank2_asr_train_asr_raw_en_bpe1000_sp/valid.cer_ctc.ave_5best.pth...
2025-12-01T12:52:47 (environment:4:run_inference) Starting inference for rank3_asr_train_asr_raw_en_bpe1000_sp/valid.cer_ctc.ave_5best.pth...
2025-12-01T12:52:47 (environment:4:run_inference) Starting inference for rank4_asr_train_asr_raw_en_bpe1000_sp/valid.cer_ctc.ave_5best.pth...
2025-12-01T12:52:47 (environment:4:run_inference) Starting inference for rank5_asr_train_asr_raw_en_bpe1000_sp/valid.cer_ctc.ave_5best.pth...
2025-12-01T12:52:47 (environment:4:run_inference) Starting inference for rank6_asr_train_asr_raw_en_bpe1000_sp/valid.cer_ctc.ave_5best.pth...
2025-12-01T17:02:56 (environment:9:run_inference) ✓ Completed inference for rank6_asr_train_asr_raw_en_bpe1000_sp/valid.cer_ctc.ave_5best.pth
2025-12-01T17:02:56 (environment:4:run_inference) Starting inference for rank7_asr_train_asr_raw_en_bpe1000_sp/valid.cer_ctc.ave_5best.pth...
2025-12-01T17:03:36 (environment:9:run_inference) ✓ Completed inference for rank4_asr_train_asr_raw_en_bpe1000_sp/valid.cer_ctc.ave_5best.pth
2025-12-01T17:03:36 (environment:4:run_inference) Starting inference for rank8_asr_train_asr_raw_en_bpe1000_sp/valid.cer_ctc.ave_5best.pth...
2025-12-01T17:03:59 (environment:9:run_inference) ✓ Completed inference for rank3_asr_train_asr_raw_en_bpe1000_sp/valid.cer_ctc.ave_5best.pth
2025-12-01T17:03:59 (environment:4:run_inference) Starting inference for rank9_asr_train_asr_raw_en_bpe1000_sp/valid.cer_ctc.ave_5best.pth...
2025-12-01T17:04:02 (environment:9:run_inference) ✓ Completed inference for rank5_asr_train_asr_raw_en_bpe1000_sp/valid.cer_ctc.ave_5best.pth
2025-12-01T17:04:02 (environment:4:run_inference) Starting inference for rank10_asr_train_asr_raw_en_bpe1000_sp/valid.cer_ctc.ave_5best.pth...
2025-12-01T17:04:04 (environment:9:run_inference) ✓ Completed inference for rank2_asr_train_asr_raw_en_bpe1000_sp/valid.cer_ctc.ave_5best.pth
2025-12-01T17:04:04 (environment:4:run_inference) Starting inference for rank11_asr_train_asr_raw_en_bpe1000_sp/valid.cer_ctc.ave_5best.pth...
2025-12-01T17:05:11 (environment:9:run_inference) ✓ Completed inference for rank1_asr_train_asr_raw_en_bpe1000_sp/valid.cer_ctc.ave_5best.pth
2025-12-01T17:05:11 (environment:4:run_inference) Starting inference for rank12_asr_train_asr_raw_en_bpe1000_sp/valid.cer_ctc.ave_5best.pth...
2025-12-01T21:13:33 (environment:9:run_inference) ✓ Completed inference for rank7_asr_train_asr_raw_en_bpe1000_sp/valid.cer_ctc.ave_5best.pth
2025-12-01T21:13:38 (environment:9:run_inference) ✓ Completed inference for rank9_asr_train_asr_raw_en_bpe1000_sp/valid.cer_ctc.ave_5best.pth
2025-12-01T21:14:23 (environment:9:run_inference) ✓ Completed inference for rank10_asr_train_asr_raw_en_bpe1000_sp/valid.cer_ctc.ave_5best.pth
2025-12-01T21:15:08 (environment:9:run_inference) ✓ Completed inference for rank11_asr_train_asr_raw_en_bpe1000_sp/valid.cer_ctc.ave_5best.pth
2025-12-01T21:16:15 (environment:9:run_inference) ✓ Completed inference for rank8_asr_train_asr_raw_en_bpe1000_sp/valid.cer_ctc.ave_5best.pth
2025-12-01T21:16:23 (environment:9:run_inference) ✓ Completed inference for rank12_asr_train_asr_raw_en_bpe1000_sp/valid.cer_ctc.ave_5best.pth
2025-12-01T21:16:23 (parallel_inference.sh:118:main) All inference jobs completed!
